<component name="libraryTable">
  <library name="junit-4.121">
    <CLASSES>
      <root url="jar://$PROJECT_DIR$/out/production/CPT204 2223 Final Project Skeleton Code, Library, Demo Video/library/junit-4.12.jar!/" />
    </CLASSES>
    <JAVADOC />
    <SOURCES />
  </library>
</component>